Сборка начата 24.03.2024 13:24:53.
Уровень детализации журнала: Normal.     1>Проект "C:\лабы\Белодед\2 семестр\8\main.cpp\dop2\dop2.vcxproj" в узле 3 (целевые объекты Rebuild).
     1>_PrepareForClean:
         Файл "x64\Debug\dop2.tlog\dop2.lastbuildstate" удаляется.
       InitializeBuildStatus:
         Создание "x64\Debug\dop2.tlog\unsuccessfulbuild", так как было задано "AlwaysCreate".
         Обращение к "x64\Debug\dop2.tlog\unsuccessfulbuild".
       ClCompile:
         C:\Program Files\Microsoft Visual Studio\2022\Community\VC\Tools\MSVC\14.37.32822\bin\HostX64\x64\CL.exe /c /ZI /JMC /nologo /W3 /WX- /diagnostics:column /sdl /Od /D _DEBUG /D _CONSOLE /D _UNICODE /D UNICODE /Gm- /EHsc /RTC1 /MDd /GS /fp:precise /Zc:wchar_t /Zc:forScope /Zc:inline /permissive- /Fo"x64\Debug\\" /Fd"x64\Debug\vc143.pdb" /external:W3 /Gd /TP /FC /errorReport:prompt dop2.cpp
         dop2.cpp
     1>C:\лабы\Белодед\2 семестр\8\main.cpp\dop2\dop2.cpp(105,10): warning C4244: инициализация: преобразование "double" в "int", возможна потеря данных
     1>C:\лабы\Белодед\2 семестр\8\main.cpp\dop2\dop2.cpp(110,11): warning C4244: =: преобразование "double" в "int", возможна потеря данных
       Link:
         C:\Program Files\Microsoft Visual Studio\2022\Community\VC\Tools\MSVC\14.37.32822\bin\HostX64\x64\link.exe /ERRORREPORT:PROMPT /OUT:"C:\лабы\Белодед\2 семестр\8\main.cpp\x64\Debug\dop2.exe" /INCREMENTAL /ILK:"x64\Debug\dop2.ilk" /NOLOGO kernel32.lib user32.lib gdi32.lib winspool.lib comdlg32.lib advapi32.lib shell32.lib ole32.lib oleaut32.lib uuid.lib odbc32.lib odbccp32.lib /MANIFEST /MANIFESTUAC:"level='asInvoker' uiAccess='false'" /manifest:embed /DEBUG /PDB:"C:\лабы\Белодед\2 семестр\8\main.cpp\x64\Debug\dop2.pdb" /SUBSYSTEM:CONSOLE /TLBID:1 /DYNAMICBASE /NXCOMPAT /IMPLIB:"C:\лабы\Белодед\2 семестр\8\main.cpp\x64\Debug\dop2.lib" /MACHINE:X64 x64\Debug\dop2.obj
         dop2.vcxproj -> C:\лабы\Белодед\2 семестр\8\main.cpp\x64\Debug\dop2.exe
       FinalizeBuildStatus:
         Файл "x64\Debug\dop2.tlog\unsuccessfulbuild" удаляется.
         Обращение к "x64\Debug\dop2.tlog\dop2.lastbuildstate".
     1>Сборка проекта "C:\лабы\Белодед\2 семестр\8\main.cpp\dop2\dop2.vcxproj" завершена (целевые объекты Rebuild).

Сборка успешно завершена.

       "C:\лабы\Белодед\2 семестр\8\main.cpp\dop2\dop2.vcxproj" (целевой объект Rebuild ) (1) ->
       (Целевой объект ClCompile) -> 
         C:\лабы\Белодед\2 семестр\8\main.cpp\dop2\dop2.cpp(105,10): warning C4244: инициализация: преобразование "double" в "int", возможна потеря данных
         C:\лабы\Белодед\2 семестр\8\main.cpp\dop2\dop2.cpp(110,11): warning C4244: =: преобразование "double" в "int", возможна потеря данных

    Предупреждений: 2
    Ошибок: 0

Прошло времени 00:00:00.79
