Сборка начата 22.02.2024 21:14:35.
Уровень детализации журнала: Normal.     1>Проект "C:\лабы\Белодед\2 семестр\3\lab3\osn2\osn2.vcxproj" в узле 2 (целевые объекты Build).
     1>InitializeBuildStatus:
         Создание "Debug\osn2.tlog\unsuccessfulbuild", так как было задано "AlwaysCreate".
         Обращение к "Debug\osn2.tlog\unsuccessfulbuild".
       ClCompile:
         C:\Program Files\Microsoft Visual Studio\2022\Community\VC\Tools\MSVC\14.37.32822\bin\HostX86\x86\CL.exe /c /ZI /JMC /nologo /W3 /WX- /diagnostics:column /sdl /Od /Oy- /D WIN32 /D _DEBUG /D _CONSOLE /D _UNICODE /D UNICODE /Gm- /EHsc /RTC1 /MDd /GS /fp:precise /Zc:wchar_t /Zc:forScope /Zc:inline /permissive- /Fo"Debug\\" /Fd"Debug\vc143.pdb" /external:W3 /Gd /TP /analyze- /FC /errorReport:prompt osn_2.cpp
         osn_2.cpp
     1>C:\лабы\Белодед\2 семестр\3\lab3\osn2\osn_2.cpp(9,22): warning C4018: <: несоответствие типов со знаком и без знака
       Link:
         C:\Program Files\Microsoft Visual Studio\2022\Community\VC\Tools\MSVC\14.37.32822\bin\HostX86\x86\link.exe /ERRORREPORT:PROMPT /OUT:"C:\лабы\Белодед\2 семестр\3\lab3\Debug\osn2.exe" /INCREMENTAL /ILK:"Debug\osn2.ilk" /NOLOGO kernel32.lib user32.lib gdi32.lib winspool.lib comdlg32.lib advapi32.lib shell32.lib ole32.lib oleaut32.lib uuid.lib odbc32.lib odbccp32.lib /MANIFEST /MANIFESTUAC:"level='asInvoker' uiAccess='false'" /manifest:embed /DEBUG /PDB:"C:\лабы\Белодед\2 семестр\3\lab3\Debug\osn2.pdb" /SUBSYSTEM:CONSOLE /TLBID:1 /DYNAMICBASE /NXCOMPAT /IMPLIB:"C:\лабы\Белодед\2 семестр\3\lab3\Debug\osn2.lib" /MACHINE:X86 Debug\osn_2.obj
         osn2.vcxproj -> C:\лабы\Белодед\2 семестр\3\lab3\Debug\osn2.exe
       FinalizeBuildStatus:
         Файл "Debug\osn2.tlog\unsuccessfulbuild" удаляется.
         Обращение к "Debug\osn2.tlog\osn2.lastbuildstate".
     1>Сборка проекта "C:\лабы\Белодед\2 семестр\3\lab3\osn2\osn2.vcxproj" завершена (целевые объекты Build).

Сборка успешно завершена.

       "C:\лабы\Белодед\2 семестр\3\lab3\osn2\osn2.vcxproj" (целевой объект Build ) (1) ->
       (Целевой объект ClCompile) -> 
         C:\лабы\Белодед\2 семестр\3\lab3\osn2\osn_2.cpp(9,22): warning C4018: <: несоответствие типов со знаком и без знака

    Предупреждений: 1
    Ошибок: 0

Прошло времени 00:00:00.77
