Сборка начата 06.03.2024 21:24:31.
Уровень детализации журнала: Normal.     1>Проект "C:\лабы\Белодед\2 семестр\6\main\main\main.vcxproj" в узле 2 (целевые объекты Rebuild).
     1>PrepareForBuild:
         Создание каталога "C:\лабы\Белодед\2 семестр\6\main\x64\Debug\".
         Создание каталога "x64\Debug\osn.tlog\".
       InitializeBuildStatus:
         Создание "x64\Debug\osn.tlog\unsuccessfulbuild", так как было задано "AlwaysCreate".
         Обращение к "x64\Debug\osn.tlog\unsuccessfulbuild".
       ClCompile:
         C:\Program Files\Microsoft Visual Studio\2022\Community\VC\Tools\MSVC\14.37.32822\bin\HostX64\x64\CL.exe /c /ZI /JMC /nologo /W3 /WX- /diagnostics:column /sdl /Od /D _DEBUG /D _CONSOLE /D _UNICODE /D UNICODE /Gm- /EHsc /RTC1 /MDd /GS /fp:precise /Zc:wchar_t /Zc:forScope /Zc:inline /permissive- /Fo"x64\Debug\\" /Fd"x64\Debug\vc143.pdb" /external:W3 /Gd /TP /FC /errorReport:prompt main.cpp
         main.cpp
       Link:
         C:\Program Files\Microsoft Visual Studio\2022\Community\VC\Tools\MSVC\14.37.32822\bin\HostX64\x64\link.exe /ERRORREPORT:PROMPT /OUT:"C:\лабы\Белодед\2 семестр\6\main\x64\Debug\osn.exe" /INCREMENTAL /ILK:"x64\Debug\osn.ilk" /NOLOGO kernel32.lib user32.lib gdi32.lib winspool.lib comdlg32.lib advapi32.lib shell32.lib ole32.lib oleaut32.lib uuid.lib odbc32.lib odbccp32.lib /MANIFEST /MANIFESTUAC:"level='asInvoker' uiAccess='false'" /manifest:embed /DEBUG /PDB:"C:\лабы\Белодед\2 семестр\6\main\x64\Debug\osn.pdb" /SUBSYSTEM:CONSOLE /TLBID:1 /DYNAMICBASE /NXCOMPAT /IMPLIB:"C:\лабы\Белодед\2 семестр\6\main\x64\Debug\osn.lib" /MACHINE:X64 x64\Debug\main.obj
     1>MSVCRTD.lib(exe_main.obj) : error LNK2019: ссылка на неразрешенный внешний символ main в функции "int __cdecl invoke_main(void)" (?invoke_main@@YAHXZ).
     1>C:\лабы\Белодед\2 семестр\6\main\x64\Debug\osn.exe : fatal error LNK1120: неразрешенных внешних элементов: 1
     1>Сборка проекта "C:\лабы\Белодед\2 семестр\6\main\main\main.vcxproj" завершена (целевые объекты Rebuild) с ошибкой.

Ошибка сборки.

       "C:\лабы\Белодед\2 семестр\6\main\main\main.vcxproj" (целевой объект Rebuild ) (1) ->
       (Целевой объект Link) -> 
         MSVCRTD.lib(exe_main.obj) : error LNK2019: ссылка на неразрешенный внешний символ main в функции "int __cdecl invoke_main(void)" (?invoke_main@@YAHXZ).
         C:\лабы\Белодед\2 семестр\6\main\x64\Debug\osn.exe : fatal error LNK1120: неразрешенных внешних элементов: 1

    Предупреждений: 0
    Ошибок: 2

Прошло времени 00:00:00.37
